﻿LC-ACC-LAB-VOIP#sh run | beg 1/0/1
interface GigabitEthernet1/0/1
 switchport access vlan 115
 switchport mode access
 switchport voice vlan 21
 switchport port-security maximum 10
 switchport port-security maximum 10 vlan access
 switchport port-security maximum 10 vlan voice
 switchport port-security violation restrict
 switchport port-security aging time 2
 switchport port-security aging type inactivity
 switchport port-security
 no logging event link-status
 trust device cisco-phone
 no snmp trap link-status
 auto qos voip cisco-phone 
 spanning-tree portfast
 spanning-tree bpduguard enable
 service-policy input AutoQos-4.0-CiscoPhone-Input-Policy
 service-policy output AutoQos-4.0-Output-Policy
 ip verify source
 ip dhcp snooping limit rate 15
!
interface GigabitEthernet1/0/2
 switchport access vlan 4000
 switchport mode access
 switchport voice vlan 21
 switchport port-security maximum 10
 switchport port-security maximum 10 vlan access
 switchport port-security maximum 10 vlan voice
 switchport port-security violation restrict
 switchport port-security aging time 2
 switchport port-security aging type inactivity
 switchport port-security
 no logging event link-status
 authentication periodic
 authentication timer reauthenticate server
 mab
 trust device cisco-phone
 no snmp trap link-status
 dot1x pae authenticator
 dot1x timeout server-timeout 5
 dot1x timeout tx-period 10
 dot1x timeout supp-timeout 10
 dot1x max-req 10
 dot1x max-reauth-req 10
 auto qos voip cisco-phone 
 spanning-tree portfast
 spanning-tree bpduguard enable
 service-policy input AutoQos-4.0-CiscoPhone-Input-Policy
 service-policy output AutoQos-4.0-Output-Policy
 ip verify source
 ip dhcp snooping limit rate 15
!
interface GigabitEthernet1/0/3
 switchport access vlan 115
 switchport mode access
 switchport voice vlan 21
 device-tracking
 authentication host-mode multi-auth
 authentication order dot1x mab
 authentication priority dot1x mab
 authentication port-control auto
 authentication timer reauthenticate server
 mab      
 trust device cisco-phone
 no snmp trap link-status
 dot1x pae authenticator
 dot1x timeout server-timeout 5
 dot1x timeout tx-period 2
 dot1x timeout supp-timeout 10
 dot1x max-req 10
 dot1x max-reauth-req 10
 spanning-tree portfast
!         
interface GigabitEthernet1/0/4
 switchport access vlan 115
 switchport mode access
 switchport voice vlan 21
 switchport port-security maximum 10
 switchport port-security maximum 10 vlan access
 switchport port-security maximum 10 vlan voice
 switchport port-security violation restrict
 switchport port-security aging time 2
 switchport port-security aging type inactivity
 switchport port-security
 no logging event link-status
 trust device cisco-phone
 no snmp trap link-status
 auto qos voip cisco-phone 
 no lldp transmit
 no lldp receive
 spanning-tree portfast
 spanning-tree bpduguard enable
 service-policy input AutoQos-4.0-CiscoPhone-Input-Policy
 service-policy output AutoQos-4.0-Output-Policy
 ip verify source
 ip dhcp snooping limit rate 15
!         
interface GigabitEthernet1/0/5
 switchport access vlan 115
 switchport mode access
 switchport voice vlan 21
 no snmp trap link-status
 spanning-tree portfast
!         
interface GigabitEthernet1/0/6
 switchport access vlan 4000
 switchport mode access
 switchport voice vlan 21
 device-tracking
 ip access-group default_port_acl in
 authentication host-mode multi-auth
 authentication order dot1x mab
 authentication priority dot1x mab
 authentication port-control auto
 authentication periodic
 authentication timer reauthenticate server
 mab      
 no snmp trap link-status
 dot1x pae authenticator
 dot1x timeout server-timeout 5
 dot1x timeout tx-period 10
 dot1x timeout supp-timeout 15
 dot1x max-req 10
 dot1x max-reauth-req 10
 spanning-tree portfast
!         
interface GigabitEthernet1/0/7
 switchport access vlan 119
 switchport mode access
 switchport voice vlan 21
 no snmp trap link-status
 spanning-tree portfast
!         
interface GigabitEthernet1/0/8
 switchport access vlan 133
 switchport mode access
 switchport voice vlan 21
 spanning-tree portfast
!         
interface GigabitEthernet1/0/9
 switchport access vlan 4000
 switchport mode access
 switchport voice vlan 21
 device-tracking
 ip access-group default_port_acl in
 authentication host-mode multi-auth
 authentication order dot1x mab
 authentication priority dot1x mab
 authentication port-control auto
 authentication timer reauthenticate server
 mab      
 trust device cisco-phone
 no snmp trap link-status
 dot1x pae authenticator
 dot1x timeout tx-period 10
 dot1x timeout supp-timeout 10
 dot1x max-req 10
 dot1x max-reauth-req 10
 spanning-tree portfast
!         
interface GigabitEthernet1/0/10
 switchport access vlan 119
 switchport mode access
 switchport voice vlan 21
 no snmp trap link-status
 spanning-tree portfast
!         
interface GigabitEthernet1/0/11
 switchport access vlan 115
 switchport mode access
 switchport voice vlan 21
 no snmp trap link-status
 spanning-tree portfast
!         
interface GigabitEthernet1/0/12
 switchport access vlan 115
 switchport mode access
 switchport voice vlan 21
 no snmp trap link-status
 spanning-tree portfast
!         
interface GigabitEthernet1/0/13
 switchport access vlan 2470
 switchport mode access
 switchport voice vlan 21
 no snmp trap link-status
 spanning-tree portfast
!         
interface GigabitEthernet1/0/14
 switchport access vlan 10
 no snmp trap link-status
 spanning-tree portfast
!         
interface GigabitEthernet1/0/15
 description Mist AP
 switchport trunk native vlan 4004
 switchport trunk allowed vlan 4001,4004
 switchport mode trunk
 shutdown 
!         
interface GigabitEthernet1/0/16
 switchport access vlan 115
 switchport mode access
 switchport voice vlan 21
 no snmp trap link-status
 spanning-tree portfast
!         
interface GigabitEthernet1/0/17
 switchport access vlan 2484
 switchport mode access
 switchport voice vlan 21
 no snmp trap link-status
 spanning-tree portfast
!         
interface GigabitEthernet1/0/18
 description Mist AP
 switchport trunk native vlan 621
 switchport trunk allowed vlan 621,3000-3002
 switchport mode trunk
!         
interface GigabitEthernet1/0/19
 switchport mode access
 switchport voice vlan 21
 no snmp trap link-status
 spanning-tree portfast
!         
interface GigabitEthernet1/0/20
 switchport access vlan 115
 switchport mode access
 switchport voice vlan 21
 switchport port-security maximum 10
 switchport port-security maximum 10 vlan access
 switchport port-security maximum 10 vlan voice
 switchport port-security violation restrict
 switchport port-security aging time 2
 switchport port-security aging type inactivity
 switchport port-security
 no logging event link-status
 trust device cisco-phone
 no snmp trap link-status
 auto qos voip cisco-phone 
 spanning-tree portfast
 spanning-tree bpduguard enable
 service-policy input AutoQos-4.0-CiscoPhone-Input-Policy
 service-policy output AutoQos-4.0-Output-Policy
 ip verify source
 ip dhcp snooping limit rate 15
!         
interface GigabitEthernet1/0/21
!         
interface GigabitEthernet1/0/22
!         
interface GigabitEthernet1/0/23
 description code blue do not change
 switchport access vlan 2484
 switchport mode access
!         
interface GigabitEthernet1/0/24
 switchport access vlan 115
 switchport mode access
 switchport voice vlan 21
 spanning-tree portfast
!         
interface GigabitEthernet1/1/1
!         
interface GigabitEthernet1/1/2
!         
interface GigabitEthernet1/1/3
!         
interface GigabitEthernet1/1/4
!         
interface TenGigabitEthernet1/1/1
!         
interface TenGigabitEthernet1/1/2
!         
interface TenGigabitEthernet1/1/3
 switchport trunk native vlan 10
 switchport trunk allowed vlan 1,10,21,115,119,133,266,2470,2477,2484,4000
 switchport mode trunk
 channel-group 1 mode active
 ip dhcp snooping trust
!         
interface TenGigabitEthernet1/1/4
!         
interface GigabitEthernet2/0/1
 switchport access vlan 119
 switchport mode access
 switchport voice vlan 21
 spanning-tree portfast
!         
interface GigabitEthernet2/0/2
 switchport access vlan 119
 switchport mode access
 switchport voice vlan 21
 spanning-tree portfast
!         
interface GigabitEthernet2/0/3
 switchport access vlan 115
 switchport mode access
 switchport voice vlan 21
 no snmp trap link-status
 spanning-tree portfast
!         
interface GigabitEthernet2/0/4
 switchport access vlan 115
 switchport mode access
 switchport voice vlan 21
 no snmp trap link-status
 spanning-tree portfast
!         
interface GigabitEthernet2/0/5
 switchport access vlan 115
 switchport mode access
 switchport voice vlan 21
 no snmp trap link-status
 spanning-tree portfast
!         
interface GigabitEthernet2/0/6
 switchport access vlan 115
 switchport mode access
 switchport voice vlan 21
 no snmp trap link-status
 spanning-tree portfast
!         
interface GigabitEthernet2/0/7
 switchport access vlan 115
 switchport mode access
 switchport voice vlan 21
 no snmp trap link-status
 spanning-tree portfast
!         
interface GigabitEthernet2/0/8
 switchport access vlan 115
 switchport mode access
 switchport voice vlan 21
 no snmp trap link-status
 spanning-tree portfast
!         
interface GigabitEthernet2/0/9
 switchport access vlan 115
 switchport mode access
 switchport voice vlan 21
 no snmp trap link-status
 spanning-tree portfast
!         
interface GigabitEthernet2/0/10
 switchport access vlan 115
 switchport mode access
 switchport voice vlan 21
 no snmp trap link-status
 spanning-tree portfast
!         
interface GigabitEthernet2/0/11
 switchport access vlan 115
 switchport mode access
 switchport voice vlan 21
 no snmp trap link-status
 spanning-tree portfast
!         
interface GigabitEthernet2/0/12
 switchport access vlan 115
 switchport mode access
 switchport voice vlan 21
 no snmp trap link-status
 spanning-tree portfast
!         
interface GigabitEthernet2/0/13
 switchport access vlan 115
 switchport mode access
 switchport voice vlan 21
 no snmp trap link-status
 spanning-tree portfast
!         
interface GigabitEthernet2/0/14
 switchport access vlan 115
 switchport mode access
 switchport voice vlan 21
 no snmp trap link-status
 spanning-tree portfast
!         
interface GigabitEthernet2/0/15
 switchport access vlan 115
 switchport mode access
 switchport voice vlan 21
 no snmp trap link-status
 spanning-tree portfast
!         
interface GigabitEthernet2/0/16
 switchport access vlan 115
 switchport mode access
 switchport voice vlan 21
 no snmp trap link-status
 spanning-tree portfast
!         
interface GigabitEthernet2/0/17
 switchport access vlan 115
 switchport mode access
 switchport voice vlan 21
 no snmp trap link-status
 spanning-tree portfast
!         
interface GigabitEthernet2/0/18
 switchport access vlan 115
 switchport mode access
 switchport voice vlan 21
 no snmp trap link-status
 spanning-tree portfast
!         
interface GigabitEthernet2/0/19
 switchport access vlan 115
 switchport mode access
 switchport voice vlan 21
 no snmp trap link-status
 spanning-tree portfast
!         
interface GigabitEthernet2/0/20
 switchport access vlan 115
 switchport mode access
 switchport voice vlan 21
 no snmp trap link-status
 spanning-tree portfast
!         
interface GigabitEthernet2/0/21
 switchport access vlan 115
 switchport mode access
 switchport voice vlan 21
 no snmp trap link-status
 spanning-tree portfast
!         
interface GigabitEthernet2/0/22
 switchport access vlan 115
 switchport mode access
 switchport voice vlan 21
 no snmp trap link-status
 spanning-tree portfast
!         
interface GigabitEthernet2/0/23
 switchport access vlan 115
 switchport mode access
 switchport voice vlan 21
 no snmp trap link-status
 spanning-tree portfast
!         
interface GigabitEthernet2/0/24
 switchport access vlan 115
 switchport mode access
 switchport voice vlan 21
 no snmp trap link-status
 spanning-tree portfast
!         
interface GigabitEthernet2/0/25
 switchport access vlan 115
 switchport mode access
 switchport voice vlan 21
 no snmp trap link-status
 spanning-tree portfast
!         
interface GigabitEthernet2/0/26
 switchport access vlan 115
 switchport mode access
 switchport voice vlan 21
 no snmp trap link-status
 spanning-tree portfast
!         
interface GigabitEthernet2/0/27
 switchport access vlan 115
 switchport mode access
 switchport voice vlan 21
 no snmp trap link-status
 spanning-tree portfast
!         
interface GigabitEthernet2/0/28
 switchport access vlan 115
 switchport mode access
 switchport voice vlan 21
 no snmp trap link-status
 spanning-tree portfast
!         
interface GigabitEthernet2/0/29
 switchport access vlan 115
 switchport mode access
 switchport voice vlan 21
 no snmp trap link-status
 spanning-tree portfast
!         
interface GigabitEthernet2/0/30
 switchport access vlan 115
 switchport mode access
 switchport voice vlan 21
 no snmp trap link-status
 spanning-tree portfast
!         
interface GigabitEthernet2/0/31
 switchport access vlan 115
 switchport mode access
 switchport voice vlan 21
 no snmp trap link-status
 spanning-tree portfast
!         
interface GigabitEthernet2/0/32
 switchport access vlan 115
 switchport mode access
 switchport voice vlan 21
 no snmp trap link-status
 spanning-tree portfast
!         
interface GigabitEthernet2/0/33
 switchport access vlan 115
 switchport mode access
 switchport voice vlan 21
 no snmp trap link-status
 spanning-tree portfast
!         
interface GigabitEthernet2/0/34
 switchport access vlan 115
 switchport mode access
 switchport voice vlan 21
 no snmp trap link-status
 spanning-tree portfast
!         
interface GigabitEthernet2/0/35
 switchport access vlan 115
 switchport mode access
 switchport voice vlan 21
 no snmp trap link-status
 spanning-tree portfast
!         
interface GigabitEthernet2/0/36
 switchport access vlan 115
 switchport mode access
 switchport voice vlan 21
 no snmp trap link-status
 spanning-tree portfast
!         
interface GigabitEthernet2/0/37
 switchport access vlan 115
 switchport mode access
 switchport voice vlan 21
 no snmp trap link-status
 spanning-tree portfast
!         
interface GigabitEthernet2/0/38
 switchport access vlan 115
 switchport mode access
 switchport voice vlan 21
 no snmp trap link-status
 spanning-tree portfast
!         
interface GigabitEthernet2/0/39
 switchport access vlan 115
 switchport mode access
 switchport voice vlan 21
 no snmp trap link-status
 spanning-tree portfast
!         
interface GigabitEthernet2/0/40
 switchport access vlan 115
 switchport mode access
 switchport voice vlan 21
 no snmp trap link-status
 spanning-tree portfast
!         
interface GigabitEthernet2/0/41
 switchport access vlan 115
 switchport mode access
 switchport voice vlan 21
 no snmp trap link-status
 spanning-tree portfast
!         
interface GigabitEthernet2/0/42
 switchport access vlan 115
 switchport mode access
 switchport voice vlan 21
 no snmp trap link-status
 spanning-tree portfast
!         
interface GigabitEthernet2/0/43
 switchport access vlan 115
 switchport mode access
 switchport voice vlan 21
 no snmp trap link-status
 spanning-tree portfast
!         
interface GigabitEthernet2/0/44
 switchport access vlan 115
 switchport mode access
 switchport voice vlan 21
 no snmp trap link-status
 spanning-tree portfast
!         
interface GigabitEthernet2/0/45
 switchport access vlan 115
 switchport mode access
 switchport voice vlan 21
 no snmp trap link-status
 spanning-tree portfast
!         
interface GigabitEthernet2/0/46
 switchport access vlan 115
 switchport mode access
 switchport voice vlan 21
 no snmp trap link-status
 spanning-tree portfast
!         
interface GigabitEthernet2/0/47
 switchport access vlan 115
 switchport mode access
 switchport voice vlan 21
 no snmp trap link-status
 spanning-tree portfast
!         
interface GigabitEthernet2/0/48
 switchport access vlan 115
 switchport mode access
 switchport voice vlan 21
 no snmp trap link-status
 spanning-tree portfast
!         
interface GigabitEthernet2/1/1
!         
interface GigabitEthernet2/1/2
!         
interface GigabitEthernet2/1/3
!         
interface GigabitEthernet2/1/4
!         
interface TenGigabitEthernet2/1/1
!         
interface TenGigabitEthernet2/1/2
!         
interface TenGigabitEthernet2/1/3
!         
interface TenGigabitEthernet2/1/4
!         
interface GigabitEthernet3/0/1
!         
interface GigabitEthernet3/0/2
!         
interface GigabitEthernet3/0/3
!         
interface GigabitEthernet3/0/4
!         
interface GigabitEthernet3/0/5
!         
interface GigabitEthernet3/0/6
!         
interface GigabitEthernet3/0/7
!         
interface GigabitEthernet3/0/8
!         
interface GigabitEthernet3/0/9
!         
interface GigabitEthernet3/0/10
!         
interface GigabitEthernet3/0/11
!         
interface GigabitEthernet3/0/12
!         
interface GigabitEthernet3/0/13
!         
interface GigabitEthernet3/0/14
!         
interface GigabitEthernet3/0/15
!         
interface GigabitEthernet3/0/16
!         
interface GigabitEthernet3/0/17
!         
interface GigabitEthernet3/0/18
!         
interface GigabitEthernet3/0/19
!         
interface GigabitEthernet3/0/20
!         
interface GigabitEthernet3/0/21
!         
interface GigabitEthernet3/0/22
!         
interface GigabitEthernet3/0/23
!         
interface GigabitEthernet3/0/24
!         
interface GigabitEthernet3/0/25
!         
interface GigabitEthernet3/0/26
!         
interface GigabitEthernet3/0/27
!         
interface GigabitEthernet3/0/28
!         
interface GigabitEthernet3/0/29
!         
interface GigabitEthernet3/0/30
!         
interface GigabitEthernet3/0/31
!         
interface GigabitEthernet3/0/32
!         
interface GigabitEthernet3/0/33
!         
interface GigabitEthernet3/0/34
!         
interface GigabitEthernet3/0/35
!         
interface GigabitEthernet3/0/36
!         
interface GigabitEthernet3/0/37
!         
interface GigabitEthernet3/0/38
!         
interface GigabitEthernet3/0/39
!         
interface GigabitEthernet3/0/40
!         
interface GigabitEthernet3/0/41
!         
interface GigabitEthernet3/0/42
!         
interface GigabitEthernet3/0/43
!         
interface GigabitEthernet3/0/44
!         
interface GigabitEthernet3/0/45
!         
interface GigabitEthernet3/0/46
!         
interface GigabitEthernet3/0/47
!         
interface GigabitEthernet3/0/48
!         
interface GigabitEthernet3/1/1
!         
interface GigabitEthernet3/1/2
!         
interface GigabitEthernet3/1/3
!         
interface GigabitEthernet3/1/4
!         
interface TenGigabitEthernet3/1/1
!         
interface TenGigabitEthernet3/1/2
!         
interface TenGigabitEthernet3/1/3
!         
interface TenGigabitEthernet3/1/4
!         
interface Vlan1
 no ip address
 no ip route-cache
!         
interface Vlan10
 ip address 10.101.8.12 255.255.255.128
 no ip route-cache
!         
ip default-gateway 10.101.8.1
ip forward-protocol nd
ip http server
ip http authentication local
ip http secure-server
ip http client source-interface Vlan10
!         
ip access-list extended ALLOWALL
 permit ip any any
ip access-list extended AutoQos-4.0-Acl-Default
 permit ip any any
ip access-list extended CLEARPASS-REDIRECT
 deny   ip any 172.31.0.32 0.0.0.3 log
 deny   ip any 172.31.4.8 0.0.0.3 log
 permit tcp any any eq www log
 permit tcp any any eq 443 log
ip access-list extended Internet-only
 permit udp any any eq domain
 permit udp any any eq bootps
 permit udp any any eq ntp
 permit tcp any any eq 3389
 permit ip any 172.17.236.232 0.0.0.1
 permit ip any 172.17.236.230 0.0.0.1
 permit ip any host 129.210.253.172
 permit ip any 129.210.253.180 0.0.0.1
 permit ip any host 129.210.6.5
 permit ip any host 129.210.1.224
 permit ip any host 129.210.253.145
 permit ip any host 129.210.253.146
 permit ip any host 129.210.253.147
 permit ip any host 129.210.253.148
 permit ip any 129.210.255.242 0.0.0.1
 deny   ip any 192.168.0.0 0.0.255.255
 deny   ip any 172.16.0.0 0.8.255.255
 deny   ip any 129.210.0.0 0.0.255.255
 deny   ip any 10.0.0.0 0.255.255.255
 permit ip any any
ip access-list extended Onboard_ACL
 deny   tcp any host 172.31.0.32
 deny   tcp any host 172.31.0.33
 deny   tcp any host 172.31.4.8
 deny   tcp any host 172.40.0.151
 deny   tcp any host 172.31.0.34
 deny   tcp any host 129.210.250.201
 deny   tcp any host 129.210.250.202
 permit tcp any any
ip access-list extended default_port_acl
 permit icmp any any
 permit udp any eq bootpc any eq bootps
 permit udp any any eq domain
 permit tcp any 172.31.0.32 0.0.0.3 eq www
 permit tcp any 172.31.0.32 0.0.0.3 eq 443
 permit tcp any 172.31.0.32 0.0.0.3 eq 6658
 permit tcp any 172.31.4.8 0.0.0.3 eq www
 permit tcp any 172.31.4.8 0.0.0.3 eq 443
 permit tcp any 172.31.4.8 0.0.0.3 eq 6658
 deny   ip any any
ip access-list extended post-auth
 permit ip any any
ip access-list extended pre-auth
 deny   udp any any eq domain log
 deny   udp any any eq bootpc log
 deny   udp any eq bootpc any eq bootps log
 deny   udp any eq bootpc any log
 deny   ip any 172.31.0.32 0.0.0.3 log
 deny   ip any 172.31.4.8 0.0.0.3 log
 permit ip any any log
!         
!         
!         
snmp-server community LC-WLC-1_DNAC RO
snmp-server community SCU@dm1n RW
snmp-server community SCUl0Ok RO
snmp-server location DATA CENTER - LAB
snmp-server host 172.17.254.113 SCUl0Ok 
tacacs-server timeout 2
tacacs-server key 7 1331461D251F11187B73023B3F12024647575173755D0B510355523260707F176762
tacacs server lc-acp-1
 address ipv4 172.31.0.32
tacacs server ss-acp-1
 address ipv4 172.31.0.33
tacacs server clearpass
 address ipv4 172.31.0.34
!         
radius-server attribute 11 default direction in
!         
radius server ntgras01
 address ipv4 172.17.254.102 auth-port 1812 acct-port 1813
 timeout 2
 key 7 091865503F430124180A0E1906
!         
radius server ntgras02
 address ipv4 172.17.254.103 auth-port 1812 acct-port 1813
 timeout 2
 key 7 065224786A081F2F1611183821
!         
radius server Clearpass
 address ipv4 172.31.0.34 auth-port 1812 acct-port 1813
 timeout 60
 retransmit 10
 key 7 003D475431561D044978645C5F5A3144161B2B326E7D300F3922
!         
radius server test-ras02
 address ipv4 129.210.253.237 auth-port 1812 acct-port 1813
 timeout 2
 key 7 0050385F221D1D301C27467D24
!         
radius server clearpassdp
 address ipv4 172.31.4.10 auth-port 1812 acct-port 1813
 timeout 60
 retransmit 10
 key 7 10775D4B301A04094A5D0239726B0766260320204757427E5244
!         
radius server clearpassdp1
 address ipv4 172.31.4.8 auth-port 1812 acct-port 1813
 timeout 60
 retransmit 10
 key 7 0532525D1441580B5F5C3F005D4F30792F340F05717407201C14
!         
radius server clearpassdp2
 address ipv4 172.31.4.9 auth-port 1812 acct-port 1813
 timeout 60
 retransmit 10
 key 7 10775D4B301A04094A5D0239726B0766260320204757427E5244
!         
!         
control-plane
 service-policy input system-cpp-policy
!         
privilege exec level 15 show running-config
privilege exec level 1 show
!         
line con 0
 password 7 03025419520E25414707
 logging synchronous
 stopbits 1
line aux 0
 stopbits 1
line vty 0 4
 exec-timeout 15 0
 password 7 045D04145B2048430017
 logging synchronous
 length 0 
 transport preferred ssh
 transport input ssh
line vty 5 15
 exec-timeout 15 0
 password 7 1048060B51161606050A
 logging synchronous
 transport input ssh
!         
ntp server 129.210.250.212
ntp server 129.210.250.213
!         
wsma agent exec
 profile httplistener
 profile httpslistener
!         
wsma agent config
 profile httplistener
 profile httpslistener
!         
wsma agent filesys
 profile httplistener
 profile httpslistener
!         
wsma agent notify
 profile httplistener
 profile httpslistener
!         
!         
wsma profile listener httplistener
 transport http
!         
wsma profile listener httpslistener
 transport https
!         
end       
          
LC-ACC-LAB-VOIP#
LC-ACC-LAB-VOIP#
LC-ACC-LAB-VOIP#
LC-ACC-LAB-VOIP#
LC-ACC-LAB-VOIP#
LC-ACC-LAB-VOIP#
LC-ACC-LAB-VOIP#
LC-ACC-LAB-VOIP#
LC-ACC-LAB-VOIP#
