Interface GigabitEthernet1/0/3
switchport access vlan 115
switchport mode access
switchport voice vlan 21
device-tracking
authentication host-mode multi-auth
authentication order dot1x mab
authentication priority dot1x mab
authentication port-control auto
authentication timer reauthenticate server
mab
trust device cisco-phone
no snmp trap link-status
dot1x pae authenticator
dot1x timeout server-timeout 5
dot1x timeout tx-period 2
dot1x timeout supp-timeout 10
dot1x max-req 10
dot1x max-reauth-req 10
spanning-tree portfast
!
Interface GigabitEthernet1/0/32
switchport access vlan 115
switchport mode access
switchport voice vlan 21
no snmp trap link-status
spanning-tree portfast
!
Interface GigabitEthernet1/0/15
switchport access vlan 115
switchport mode access
switchport voice vlan 21
no snmp trap link-status
spanning-tree portfast
!
